TN:
SF:src\controllers\admin\admin.controller.ts
FN:4,(anonymous_0)
FN:9,(anonymous_1)
FN:13,(anonymous_2)
FN:17,(anonymous_3)
FN:27,(anonymous_4)
FNF:5
FNH:5
FNDA:3,(anonymous_0)
FNDA:3,(anonymous_1)
FNDA:3,(anonymous_2)
FNDA:2,(anonymous_3)
FNDA:2,(anonymous_4)
DA:2,1
DA:4,1
DA:5,3
DA:6,3
DA:9,1
DA:10,3
DA:13,1
DA:14,3
DA:17,1
DA:18,2
DA:27,1
DA:28,2
DA:29,2
LF:13
LH:13
BRF:0
BRH:0
end_of_record
TN:
SF:src\controllers\admin\adoption.controller.ts
FN:5,(anonymous_1)
FN:10,(anonymous_2)
FNF:2
FNH:2
FNDA:3,(anonymous_1)
FNDA:3,(anonymous_2)
DA:2,1
DA:6,3
DA:7,3
DA:11,3
DA:13,3
DA:18,3
DA:22,1
LF:7
LH:7
BRF:0
BRH:0
end_of_record
TN:
SF:src\controllers\admin\order.controller.ts
FN:5,(anonymous_1)
FN:10,(anonymous_2)
FNF:2
FNH:2
FNDA:3,(anonymous_1)
FNDA:3,(anonymous_2)
DA:2,1
DA:6,3
DA:7,3
DA:11,3
DA:13,3
DA:18,3
DA:22,1
LF:7
LH:7
BRF:0
BRH:0
end_of_record
TN:
SF:src\controllers\admin\pet.controller.ts
FN:5,(anonymous_1)
FN:10,(anonymous_2)
FN:15,(anonymous_3)
FN:20,(anonymous_4)
FNF:4
FNH:4
FNDA:2,(anonymous_1)
FNDA:2,(anonymous_2)
FNDA:2,(anonymous_3)
FNDA:2,(anonymous_4)
DA:2,1
DA:6,2
DA:7,2
DA:11,2
DA:12,2
DA:16,2
DA:17,2
DA:21,2
DA:22,2
DA:26,1
LF:10
LH:10
BRF:0
BRH:0
end_of_record
TN:
SF:src\errors\http-error.ts
FN:2,(anonymous_0)
FN:18,(anonymous_1)
FN:24,(anonymous_2)
FN:30,(anonymous_3)
FN:36,(anonymous_4)
FN:42,(anonymous_5)
FNF:6
FNH:6
FNDA:17,(anonymous_0)
FNDA:2,(anonymous_1)
FNDA:1,(anonymous_2)
FNDA:1,(anonymous_3)
FNDA:1,(anonymous_4)
FNDA:1,(anonymous_5)
DA:1,6
DA:3,17
DA:5,17
DA:7,17
DA:8,17
DA:11,17
DA:12,17
DA:17,6
DA:19,2
DA:23,6
DA:25,1
DA:29,6
DA:31,1
DA:35,6
DA:37,1
DA:41,6
DA:43,1
LF:17
LH:17
BRDA:5,0,0,17
BRDA:11,1,0,17
BRDA:18,2,0,1
BRDA:24,3,0,1
BRDA:30,4,0,1
BRDA:36,5,0,1
BRDA:42,6,0,0
BRF:7
BRH:6
end_of_record
TN:
SF:src\middlewares\admin.middleware.ts
FN:5,(anonymous_0)
FNF:1
FNH:1
FNDA:7,(anonymous_0)
DA:5,1
DA:6,7
DA:7,7
DA:8,2
DA:11,4
DA:12,2
DA:15,2
DA:17,1
DA:21,1
DA:22,1
LF:10
LH:10
BRDA:7,0,0,2
BRDA:11,1,0,2
BRF:2
BRH:2
end_of_record
TN:
SF:src\middlewares\auth.middleware.ts
FN:13,(anonymous_1)
FN:40,(anonymous_2)
FNF:2
FNH:2
FNDA:9,(anonymous_1)
FNDA:4,(anonymous_2)
DA:2,1
DA:3,1
DA:13,1
DA:14,9
DA:15,9
DA:17,9
DA:18,2
DA:21,7
DA:23,7
DA:26,5
DA:28,5
DA:29,1
DA:32,4
DA:33,4
DA:35,2
DA:40,1
DA:41,4
DA:42,4
DA:43,1
DA:46,2
DA:47,1
DA:50,1
DA:52,1
DA:57,1
LF:24
LH:24
BRDA:17,0,0,2
BRDA:17,1,0,9
BRDA:17,1,1,8
BRDA:28,2,0,1
BRDA:42,3,0,1
BRDA:46,4,0,1
BRF:6
BRH:6
end_of_record
TN:
SF:src\middlewares\authorized.middleware.ts
FN:10,(anonymous_1)
FN:46,(anonymous_2)
FNF:2
FNH:2
FNDA:9,(anonymous_1)
FNDA:4,(anonymous_2)
DA:2,1
DA:3,1
DA:10,1
DA:11,9
DA:13,9
DA:15,9
DA:16,6
DA:17,3
DA:18,1
DA:21,9
DA:22,2
DA:26,7
DA:29,6
DA:31,6
DA:32,1
DA:36,5
DA:38,5
DA:40,1
DA:41,1
DA:46,1
DA:47,4
DA:48,2
DA:51,2
DA:52,1
DA:55,1
LF:25
LH:25
BRDA:15,0,0,6
BRDA:15,0,1,3
BRDA:15,1,0,9
BRDA:15,1,1,7
BRDA:17,2,0,1
BRDA:21,3,0,2
BRDA:31,4,0,1
BRDA:47,5,0,2
BRDA:51,6,0,1
BRF:9
BRH:9
end_of_record
TN:
SF:src\middlewares\error.middleware.ts
FN:6,(anonymous_1)
FNF:1
FNH:1
FNDA:17,(anonymous_1)
DA:3,3
DA:4,3
DA:6,3
DA:12,17
DA:13,10
DA:21,7
DA:23,7
LF:7
LH:7
BRDA:12,0,0,10
BRDA:16,1,0,10
BRDA:16,1,1,10
BRDA:26,2,0,7
BRDA:26,2,1,5
BRF:5
BRH:5
end_of_record
TN:
SF:src\middlewares\upload.middleware.ts
FN:9,(anonymous_1)
FN:17,(anonymous_2)
FN:23,(anonymous_3)
FN:38,(anonymous_4)
FN:39,(anonymous_5)
FN:40,(anonymous_6)
FNF:6
FNH:4
FNDA:0,(anonymous_1)
FNDA:0,(anonymous_2)
FNDA:5,(anonymous_3)
FNDA:1,(anonymous_4)
FNDA:1,(anonymous_5)
FNDA:1,(anonymous_6)
DA:1,1
DA:2,1
DA:4,1
DA:5,1
DA:6,1
DA:8,1
DA:10,0
DA:11,0
DA:12,0
DA:15,0
DA:18,0
DA:19,0
DA:23,1
DA:24,5
DA:25,3
DA:27,2
DA:31,1
DA:37,1
DA:38,1
DA:39,1
DA:40,1
LF:21
LH:15
BRDA:11,0,0,0
BRDA:24,1,0,3
BRDA:24,1,1,2
BRF:3
BRH:2
end_of_record
TN:
SF:src\repositories\adoption.repository.ts
FN:4,(anonymous_1)
FN:8,(anonymous_2)
FN:12,(anonymous_3)
FN:16,(anonymous_4)
FNF:4
FNH:4
FNDA:1,(anonymous_1)
FNDA:1,(anonymous_2)
FNDA:2,(anonymous_3)
FNDA:1,(anonymous_4)
DA:1,4
DA:5,1
DA:9,1
DA:13,2
DA:17,1
DA:21,4
LF:6
LH:6
BRF:0
BRH:0
end_of_record
TN:
SF:src\repositories\order.repository.ts
FN:4,(anonymous_1)
FN:8,(anonymous_2)
FN:14,(anonymous_3)
FN:21,(anonymous_4)
FN:25,(anonymous_5)
FNF:5
FNH:5
FNDA:1,(anonymous_1)
FNDA:2,(anonymous_2)
FNDA:1,(anonymous_3)
FNDA:2,(anonymous_4)
FNDA:1,(anonymous_5)
DA:1,4
DA:5,1
DA:9,2
DA:15,1
DA:22,2
DA:26,1
DA:30,4
LF:7
LH:7
BRF:0
BRH:0
end_of_record
TN:
SF:src\repositories\pet.repository.ts
FN:4,(anonymous_1)
FN:8,(anonymous_2)
FN:12,(anonymous_3)
FN:16,(anonymous_4)
FN:20,(anonymous_5)
FNF:5
FNH:0
FNDA:0,(anonymous_1)
FNDA:0,(anonymous_2)
FNDA:0,(anonymous_3)
FNDA:0,(anonymous_4)
FNDA:0,(anonymous_5)
DA:1,6
DA:5,0
DA:9,0
DA:13,0
DA:17,0
DA:21,0
DA:25,6
LF:7
LH:2
BRF:0
BRH:0
end_of_record
TN:
SF:src\repositories\product.repository.ts
FN:4,(anonymous_1)
FN:8,(anonymous_2)
FN:12,(anonymous_3)
FN:16,(anonymous_4)
FN:20,(anonymous_5)
FNF:5
FNH:0
FNDA:0,(anonymous_1)
FNDA:0,(anonymous_2)
FNDA:0,(anonymous_3)
FNDA:0,(anonymous_4)
FNDA:0,(anonymous_5)
DA:1,3
DA:5,0
DA:9,0
DA:13,0
DA:17,0
DA:21,0
DA:25,3
LF:7
LH:2
BRF:0
BRH:0
end_of_record
TN:
SF:src\repositories\user.repository.ts
FN:8,(anonymous_1)
FN:12,(anonymous_2)
FN:16,(anonymous_3)
FN:21,(anonymous_4)
FNF:4
FNH:4
FNDA:2,(anonymous_1)
FNDA:1,(anonymous_2)
FNDA:3,(anonymous_3)
FNDA:2,(anonymous_4)
DA:1,1
DA:7,1
DA:9,2
DA:13,1
DA:18,3
DA:22,2
LF:6
LH:6
BRF:0
BRH:0
end_of_record
TN:
SF:src\services\adoption.service.ts
FN:9,(anonymous_1)
FNF:1
FNH:1
FNDA:6,(anonymous_1)
DA:1,1
DA:2,1
DA:20,6
DA:21,6
DA:23,5
DA:24,2
DA:28,3
DA:30,3
DA:46,1
LF:9
LH:9
BRDA:21,0,0,1
BRDA:23,1,0,2
BRF:2
BRH:2
end_of_record
TN:
SF:src\services\ai.service.ts
FN:3,(anonymous_1)
FNF:1
FNH:1
FNDA:5,(anonymous_1)
DA:1,1
DA:3,1
DA:6,5
DA:10,5
DA:21,5
DA:39,5
LF:6
LH:6
BRDA:6,0,0,1
BRDA:6,0,1,4
BRF:2
BRH:2
end_of_record
TN:
SF:src\services\cost.service.ts
FN:3,(anonymous_1)
FNF:1
FNH:1
FNDA:6,(anonymous_1)
DA:1,1
DA:3,1
DA:4,6
DA:6,6
DA:7,1
DA:10,5
DA:11,5
DA:12,5
DA:13,5
DA:15,5
DA:16,5
DA:18,5
LF:12
LH:12
BRDA:6,0,0,1
BRDA:10,1,0,5
BRDA:10,1,1,1
BRDA:11,2,0,5
BRDA:11,2,1,1
BRDA:12,3,0,5
BRDA:12,3,1,1
BRDA:13,4,0,5
BRDA:13,4,1,1
BRF:9
BRH:9
end_of_record
TN:
SF:src\services\order.service.ts
FN:6,(anonymous_1)
FN:30,(anonymous_2)
FN:39,(anonymous_3)
FNF:3
FNH:3
FNDA:5,(anonymous_1)
FNDA:3,(anonymous_2)
FNDA:1,(anonymous_3)
DA:1,1
DA:2,1
DA:3,1
DA:5,1
DA:7,5
DA:9,5
DA:10,5
DA:12,5
DA:13,1
DA:16,4
DA:17,1
DA:20,3
DA:23,3
DA:28,3
DA:30,3
DA:40,1
DA:44,1
LF:17
LH:17
BRDA:12,0,0,1
BRDA:16,1,0,1
BRF:2
BRH:2
end_of_record
TN:
SF:src\services\pet.service.ts
FN:4,(anonymous_1)
FN:8,(anonymous_2)
FNF:2
FNH:2
FNDA:2,(anonymous_1)
FNDA:2,(anonymous_2)
DA:1,1
DA:5,2
DA:9,2
DA:10,2
DA:11,1
DA:15,1
LF:6
LH:6
BRDA:10,0,0,1
BRF:1
BRH:1
end_of_record
TN:
SF:src\services\product.service.ts
FN:4,(anonymous_1)
FN:8,(anonymous_2)
FNF:2
FNH:2
FNDA:2,(anonymous_1)
FNDA:2,(anonymous_2)
DA:1,1
DA:5,2
DA:9,2
DA:10,2
DA:11,1
DA:15,1
LF:6
LH:6
BRDA:10,0,0,1
BRF:1
BRH:1
end_of_record
TN:
SF:src\services\user.service.ts
FN:12,(anonymous_1)
FN:36,(anonymous_2)
FN:57,(anonymous_3)
FN:74,(anonymous_4)
FNF:4
FNH:3
FNDA:3,(anonymous_1)
FNDA:3,(anonymous_2)
FNDA:0,(anonymous_3)
FNDA:2,(anonymous_4)
DA:1,1
DA:2,1
DA:3,1
DA:4,1
DA:5,1
DA:6,1
DA:9,1
DA:11,1
DA:13,3
DA:14,3
DA:15,1
DA:18,2
DA:20,2
DA:27,2
DA:37,3
DA:38,3
DA:39,1
DA:42,2
DA:44,2
DA:45,1
DA:48,1
DA:49,1
DA:51,1
DA:58,0
DA:61,0
DA:63,0
DA:66,0
DA:68,0
DA:69,0
DA:71,0
DA:75,2
DA:77,2
DA:79,2
DA:80,1
DA:83,1
DA:84,1
DA:85,1
DA:87,1
LF:38
LH:31
BRDA:14,0,0,1
BRDA:38,1,0,1
BRDA:44,2,0,1
BRDA:61,3,0,0
BRDA:79,4,0,1
BRF:5
BRH:4
end_of_record
TN:
SF:src\services\admin\adoption.service.ts
FN:12,(anonymous_1)
FN:16,(anonymous_2)
FNF:2
FNH:2
FNDA:2,(anonymous_1)
FNDA:6,(anonymous_2)
DA:5,2
DA:6,2
DA:13,2
DA:17,6
DA:18,6
DA:21,5
DA:22,5
DA:23,1
DA:26,4
DA:31,4
DA:32,2
DA:37,4
DA:41,2
LF:13
LH:13
BRDA:18,0,0,1
BRDA:22,1,0,1
BRDA:31,2,0,2
BRF:3
BRH:3
end_of_record
TN:
SF:src\services\admin\pet.service.ts
FN:5,(anonymous_1)
FN:9,(anonymous_2)
FN:13,(anonymous_3)
FN:19,(anonymous_4)
FNF:4
FNH:4
FNDA:1,(anonymous_1)
FNDA:2,(anonymous_2)
FNDA:2,(anonymous_3)
FNDA:2,(anonymous_4)
DA:1,2
DA:6,1
DA:10,2
DA:14,2
DA:15,2
DA:16,1
DA:20,2
DA:21,2
DA:22,1
DA:26,2
LF:10
LH:10
BRDA:15,0,0,1
BRDA:21,1,0,1
BRF:2
BRH:2
end_of_record
